<?xml version="1.0" encoding="UTF-8"?>
<!-- Generated by org.testng.reporters.JUnitReportReporter -->
<testsuite hostname="Trayambkay" failures="0" tests="2" name="testNgExecution.Class4" time="22.240" errors="0" timestamp="2023-11-22T09:56:38 IST" skipped="0">
  <testcase classname="testNgExecution.Class4" name="method8" time="10.288"/>
  <system-out/>
  <testcase classname="testNgExecution.Class4" name="method7" time="11.952"/>
  <system-out/>
</testsuite> <!-- testNgExecution.Class4 -->
