<?xml version="1.0" encoding="UTF-8"?>
<!-- Generated by org.testng.reporters.JUnitReportReporter -->
<testsuite hostname="Trayambkay" failures="0" tests="4" name="LearnTestNGExecution.Class3" time="41.822" errors="0" timestamp="2023-11-22T11:56:16 IST" skipped="0">
  <testcase classname="LearnTestNGExecution.Class3" name="method6" time="10.995"/>
  <system-out/>
  <testcase classname="LearnTestNGExecution.Class3" name="method5" time="11.035"/>
  <system-out/>
  <testcase classname="LearnTestNGExecution.Class3" name="method5" time="10.079"/>
  <system-out/>
  <testcase classname="LearnTestNGExecution.Class3" name="method6" time="9.713"/>
  <system-out/>
</testsuite> <!-- LearnTestNGExecution.Class3 -->
