<?xml version="1.0" encoding="UTF-8"?>
<!-- Generated by org.testng.reporters.JUnitReportReporter -->
<testsuite hostname="Trayambkay" failures="0" tests="1" name="LearnTestNGExecution.Class1" time="0.007" errors="0" timestamp="2023-11-22T13:42:41 IST" skipped="0">
  <testcase classname="LearnTestNGExecution.Class1" name="method1" time="0.007"/>
  <system-out/>
</testsuite> <!-- LearnTestNGExecution.Class1 -->
