<?xml version="1.0" encoding="UTF-8"?>
<!-- Generated by org.testng.reporters.JUnitReportReporter -->
<testsuite hostname="Trayambkay" failures="0" tests="4" name="LearnTestNGExecution.GroupExecutionClass" time="0.013" errors="0" timestamp="2023-11-22T10:23:03 IST" skipped="0">
  <testcase classname="LearnTestNGExecution.GroupExecutionClass" name="method1" time="0.010"/>
  <system-out/>
  <testcase classname="LearnTestNGExecution.GroupExecutionClass" name="method2" time="0.001"/>
  <system-out/>
  <testcase classname="LearnTestNGExecution.GroupExecutionClass" name="method3" time="0.001"/>
  <system-out/>
  <testcase classname="LearnTestNGExecution.GroupExecutionClass" name="method4" time="0.001"/>
  <system-out/>
</testsuite> <!-- LearnTestNGExecution.GroupExecutionClass -->
