<?xml version="1.0" encoding="UTF-8"?>
<!-- Generated by org.testng.reporters.JUnitReportReporter -->
<testsuite hostname="Trayambkay" failures="0" tests="1" name="com.practise_package.RunAsParameterTest_10thNovTest" time="12.516" errors="0" timestamp="2023-11-10T16:13:08 IST" skipped="0">
  <testcase classname="com.practise_package.RunAsParameterTest_10thNovTest" name="runAsParameterTest" time="12.516"/>
  <system-out/>
</testsuite> <!-- com.practise_package.RunAsParameterTest_10thNovTest -->
