<?xml version="1.0" encoding="UTF-8"?>
<!-- Generated by org.testng.reporters.JUnitReportReporter -->
<testsuite hostname="Trayambkay" failures="0" tests="6" name="com.practise_package.DataProviderUsingExcel" time="0.016" errors="0" timestamp="2023-11-20T16:35:05 IST" skipped="0">
  <testcase classname="com.practise_package.DataProviderUsingExcel" name="getDataExcel" time="0.008"/>
  <system-out/>
  <testcase classname="com.practise_package.DataProviderUsingExcel" name="getDataExcel" time="0.002"/>
  <system-out/>
  <testcase classname="com.practise_package.DataProviderUsingExcel" name="getDataExcel" time="0.003"/>
  <system-out/>
  <testcase classname="com.practise_package.DataProviderUsingExcel" name="getDataExcel" time="0.001"/>
  <system-out/>
  <testcase classname="com.practise_package.DataProviderUsingExcel" name="getDataExcel" time="0.001"/>
  <system-out/>
  <testcase classname="com.practise_package.DataProviderUsingExcel" name="getDataExcel" time="0.001"/>
  <system-out/>
</testsuite> <!-- com.practise_package.DataProviderUsingExcel -->
