<?xml version="1.0" encoding="UTF-8"?>
<!-- Generated by org.testng.reporters.JUnitReportReporter -->
<testsuite hostname="Trayambkay" failures="0" tests="3" name="com.bixi.BaseTestScripts.InternetBankingTest" time="26.950" errors="0" timestamp="2023-11-21T17:00:31 IST" skipped="0">
  <testcase classname="com.bixi.BaseTestScripts.InternetBankingTest" name="iBankingChangePassword" time="11.261"/>
  <system-out/>
  <testcase classname="com.bixi.BaseTestScripts.InternetBankingTest" name="regiterForIBankingAndRefresh_ManTC13" time="9.927"/>
  <system-out/>
  <testcase classname="com.bixi.BaseTestScripts.InternetBankingTest" name="registerForIBAnotherTab" time="5.762"/>
  <system-out/>
</testsuite> <!-- com.bixi.BaseTestScripts.InternetBankingTest -->
