<?xml version="1.0" encoding="UTF-8"?>
<!-- Generated by org.testng.reporters.JUnitReportReporter -->
<testsuite hostname="Trayambkay" failures="0" tests="1" name="com.bixi.BaseTestScripts.DebitCardTest" time="14.588" errors="0" timestamp="2023-11-22T12:50:44 IST" skipped="0">
  <testcase classname="com.bixi.BaseTestScripts.DebitCardTest" name="applyForDebitCardWithBlankFields_NeyazTC15" time="14.588"/>
  <system-out/>
</testsuite> <!-- com.bixi.BaseTestScripts.DebitCardTest -->
