<?xml version="1.0" encoding="UTF-8"?>
<!-- Generated by org.testng.reporters.JUnitReportReporter -->
<testsuite hostname="Trayambkay" failures="0" tests="1" name="com.bixi.BaseTestScripts.DebitCardTest" time="10.341" errors="0" timestamp="2023-11-23T14:02:39 IST" skipped="0">
  <testcase classname="com.bixi.BaseTestScripts.DebitCardTest" name="applyForDebitCardWithBlankFields_NeyazTC15" time="10.341"/>
  <system-out>
    <![CDATA[applyForDebitCardWithBlankFields_NeyazTC15 --TestScript Execution Starts From Here--
applyForDebitCardWithBlankFields_NeyazTC15 --TestScript Executed Successfully]]>
  </system-out>
</testsuite> <!-- com.bixi.BaseTestScripts.DebitCardTest -->
