<?xml version="1.0" encoding="UTF-8"?>
<!-- Generated by org.testng.reporters.JUnitReportReporter -->
<testsuite hostname="Trayambkay" failures="0" tests="1" name="LearnMavenSurefire.MVNProf2" time="0.001" errors="0" timestamp="2023-11-28T09:48:40 IST" skipped="0">
  <testcase classname="LearnMavenSurefire.MVNProf2" name="Tc3" time="0.001"/>
  <system-out/>
</testsuite> <!-- LearnMavenSurefire.MVNProf2 -->
