<?xml version="1.0" encoding="UTF-8"?>
<!-- Generated by org.testng.reporters.JUnitReportReporter -->
<testsuite hostname="Trayambkay" failures="0" tests="2" name="com.bixi.BaseTestScripts.DebitCardTest" time="21.858" errors="0" timestamp="2023-11-24T18:29:26 IST" skipped="0">
  <testcase classname="com.bixi.BaseTestScripts.DebitCardTest" name="applyForDebitCardWithBlankFields_NeyazTC15" time="11.340"/>
  <system-out/>
  <testcase classname="com.bixi.BaseTestScripts.DebitCardTest" name="applyForDebitCardWithBlankFields_NeyazTC15" time="10.518"/>
  <system-out/>
</testsuite> <!-- com.bixi.BaseTestScripts.DebitCardTest -->
