<?xml version="1.0" encoding="UTF-8"?>
<!-- Generated by org.testng.reporters.JUnitReportReporter -->
<testsuite hostname="Trayambkay" failures="0" tests="1" name="LearnMavenSurefire.MVNProf1" time="0.010" errors="0" timestamp="2023-11-28T09:48:40 IST" skipped="0">
  <testcase classname="LearnMavenSurefire.MVNProf1" name="Tc1" time="0.010"/>
  <system-out/>
</testsuite> <!-- LearnMavenSurefire.MVNProf1 -->
