<?xml version="1.0" encoding="UTF-8"?>
<!-- Generated by org.testng.reporters.JUnitReportReporter -->
<testsuite hostname="Trayambkay" failures="0" tests="2" name="LearnTestNGExecution.SarC2" time="0.000" errors="0" timestamp="2024-04-02T15:54:00 IST" skipped="2">
  <testcase classname="LearnTestNGExecution.SarC2" name="method2" time="0.000">
    <skipped/>
  </testcase> <!-- method2 -->
  <system-out/>
  <testcase classname="LearnTestNGExecution.SarC2" name="method3" time="0.000">
    <skipped/>
  </testcase> <!-- method3 -->
  <system-out/>
</testsuite> <!-- LearnTestNGExecution.SarC2 -->
