<?xml version="1.0" encoding="UTF-8"?>
<!-- Generated by org.testng.reporters.JUnitReportReporter -->
<testsuite hostname="Trayambkay" failures="0" tests="2" name="LearnTestNGExecution.Class1" time="17.967" errors="0" timestamp="2023-11-22T10:43:57 IST" skipped="0">
  <testcase classname="LearnTestNGExecution.Class1" name="method2" time="8.489"/>
  <system-out/>
  <testcase classname="LearnTestNGExecution.Class1" name="method1" time="9.478"/>
  <system-out/>
</testsuite> <!-- LearnTestNGExecution.Class1 -->
