<?xml version="1.0" encoding="UTF-8"?>
<!-- Generated by org.testng.reporters.JUnitReportReporter -->
<testsuite hostname="Trayambkay" failures="0" tests="1" name="com.bixi.BaseTestScripts.OpenAccountTest" time="10.614" errors="0" timestamp="2023-11-28T16:35:57 IST" skipped="0">
  <testcase classname="com.bixi.BaseTestScripts.OpenAccountTest" name="applyNewBankAccount_NeyazTC05" time="10.614"/>
  <system-out/>
</testsuite> <!-- com.bixi.BaseTestScripts.OpenAccountTest -->
