<?xml version="1.0" encoding="UTF-8"?>
<!-- Generated by org.testng.reporters.JUnitReportReporter -->
<testsuite hostname="Trayambkay" failures="0" tests="2" name="testNgExecution.Class1" time="22.673" errors="0" timestamp="2023-11-22T09:56:38 IST" skipped="0">
  <testcase classname="testNgExecution.Class1" name="method1" time="11.197"/>
  <system-out/>
  <testcase classname="testNgExecution.Class1" name="method2" time="11.476"/>
  <system-out/>
</testsuite> <!-- testNgExecution.Class1 -->
