<?xml version="1.0" encoding="UTF-8"?>
<!-- Generated by org.testng.reporters.JUnitReportReporter -->
<testsuite hostname="Trayambkay" failures="0" tests="2" name="com.practise_package.AnnotationPractise_20thNov" time="0.013" errors="0" timestamp="2023-11-20T18:11:03 IST" skipped="0">
  <testcase classname="com.practise_package.AnnotationPractise_20thNov" name="TC12" time="0.009"/>
  <system-out/>
  <testcase classname="com.practise_package.AnnotationPractise_20thNov" name="TC13" time="0.004"/>
  <system-out/>
</testsuite> <!-- com.practise_package.AnnotationPractise_20thNov -->
