<?xml version="1.0" encoding="UTF-8"?>
<!-- Generated by org.testng.reporters.JUnitReportReporter -->
<testsuite hostname="Trayambkay" failures="0" tests="2" name="LearnTestNGExecution.Class3" time="18.733" errors="0" timestamp="2023-11-22T10:43:57 IST" skipped="0">
  <testcase classname="LearnTestNGExecution.Class3" name="method6" time="9.874"/>
  <system-out/>
  <testcase classname="LearnTestNGExecution.Class3" name="method5" time="8.859"/>
  <system-out/>
</testsuite> <!-- LearnTestNGExecution.Class3 -->
