<?xml version="1.0" encoding="UTF-8"?>
<!-- Generated by org.testng.reporters.JUnitReportReporter -->
<testsuite hostname="Trayambkay" failures="0" tests="4" name="LearnTestNGExecution.Class4" time="37.319" errors="0" timestamp="2023-11-22T11:56:16 IST" skipped="0">
  <testcase classname="LearnTestNGExecution.Class4" name="method8" time="8.907"/>
  <system-out/>
  <testcase classname="LearnTestNGExecution.Class4" name="method7" time="9.487"/>
  <system-out/>
  <testcase classname="LearnTestNGExecution.Class4" name="method8" time="10.599"/>
  <system-out/>
  <testcase classname="LearnTestNGExecution.Class4" name="method7" time="8.326"/>
  <system-out/>
</testsuite> <!-- LearnTestNGExecution.Class4 -->
