<?xml version="1.0" encoding="UTF-8"?>
<!-- Generated by org.testng.reporters.JUnitReportReporter -->
<testsuite hostname="Trayambkay" failures="0" tests="1" name="testNgExecution.GroupExecutionClass" time="0.008" errors="0" timestamp="2023-11-22T10:20:32 IST" skipped="0">
  <testcase classname="testNgExecution.GroupExecutionClass" name="method4" time="0.008"/>
  <system-out/>
</testsuite> <!-- testNgExecution.GroupExecutionClass -->
