<?xml version="1.0" encoding="UTF-8"?>
<!-- Generated by org.testng.reporters.JUnitReportReporter -->
<testsuite hostname="Trayambkay" failures="0" tests="2" name="com.bixi.BaseTestScripts.OpenAccountTest" time="12.158" errors="0" timestamp="2023-11-24T18:29:26 IST" skipped="0">
  <testcase classname="com.bixi.BaseTestScripts.OpenAccountTest" name="applyNewBankAccount_NeyazTC05" time="5.830"/>
  <system-out/>
  <testcase classname="com.bixi.BaseTestScripts.OpenAccountTest" name="applyNewBankAccount_NeyazTC05" time="6.328"/>
  <system-out/>
</testsuite> <!-- com.bixi.BaseTestScripts.OpenAccountTest -->
