<?xml version="1.0" encoding="UTF-8"?>
<!-- Generated by org.testng.reporters.JUnitReportReporter -->
<testsuite hostname="Trayambkay" failures="0" tests="1" name="LearnTestNGExecution.GroupExecutionClass" time="0.012" errors="0" timestamp="2023-11-22T13:25:53 IST" skipped="0">
  <testcase classname="LearnTestNGExecution.GroupExecutionClass" name="method4" time="0.012"/>
  <system-out/>
</testsuite> <!-- LearnTestNGExecution.GroupExecutionClass -->
