<?xml version="1.0" encoding="UTF-8"?>
<!-- Generated by org.testng.reporters.JUnitReportReporter -->
<testsuite hostname="Trayambkay" failures="0" tests="2" name="testNgExecution.Class2" time="22.247" errors="0" timestamp="2023-11-22T09:56:38 IST" skipped="0">
  <testcase classname="testNgExecution.Class2" name="method3" time="11.763"/>
  <system-out/>
  <testcase classname="testNgExecution.Class2" name="method4" time="10.484"/>
  <system-out/>
</testsuite> <!-- testNgExecution.Class2 -->
