<?xml version="1.0" encoding="UTF-8"?>
<!-- Generated by org.testng.reporters.JUnitReportReporter -->
<testsuite hostname="Trayambkay" failures="0" tests="2" name="testNgExecution.Class3" time="23.068" errors="0" timestamp="2023-11-22T09:56:38 IST" skipped="0">
  <testcase classname="testNgExecution.Class3" name="method6" time="11.996"/>
  <system-out/>
  <testcase classname="testNgExecution.Class3" name="method5" time="11.072"/>
  <system-out/>
</testsuite> <!-- testNgExecution.Class3 -->
