<?xml version="1.0" encoding="UTF-8"?>
<!-- Generated by org.testng.reporters.JUnitReportReporter -->
<testsuite hostname="Trayambkay" failures="0" tests="1" name="LearnTestNGExecution.Nikhil" time="56.316" errors="0" timestamp="2024-01-02T17:50:16 IST" skipped="0">
  <testcase classname="LearnTestNGExecution.Nikhil" name="name" time="56.316"/>
  <system-out/>
</testsuite> <!-- LearnTestNGExecution.Nikhil -->
