<?xml version="1.0" encoding="UTF-8"?>
<!-- Generated by org.testng.reporters.JUnitReportReporter -->
<testsuite hostname="Trayambkay" failures="0" tests="1" name="com.bixi.BaseTestScripts.OpenAccountTest" time="4.716" errors="0" timestamp="2023-11-27T09:32:10 IST" skipped="0">
  <testcase classname="com.bixi.BaseTestScripts.OpenAccountTest" name="applyNewBankAccount_NeyazTC05" time="4.716"/>
  <system-out/>
</testsuite> <!-- com.bixi.BaseTestScripts.OpenAccountTest -->
