<?xml version="1.0" encoding="UTF-8"?>
<!-- Generated by org.testng.reporters.JUnitReportReporter -->
<testsuite hostname="Trayambkay" failures="0" tests="1" name="LearnJenkins.LaunchBrowserTest" time="6.438" errors="0" timestamp="2023-11-30T12:49:18 IST" skipped="0">
  <testcase classname="LearnJenkins.LaunchBrowserTest" name="test" time="6.438"/>
  <system-out/>
</testsuite> <!-- LearnJenkins.LaunchBrowserTest -->
