<?xml version="1.0" encoding="UTF-8"?>
<!-- Generated by org.testng.reporters.JUnitReportReporter -->
<testsuite hostname="Trayambkay" failures="0" tests="2" name="LearnTestNGExecution.Class4" time="17.651" errors="0" timestamp="2023-11-22T10:43:57 IST" skipped="0">
  <testcase classname="LearnTestNGExecution.Class4" name="method8" time="9.129"/>
  <system-out/>
  <testcase classname="LearnTestNGExecution.Class4" name="method7" time="8.522"/>
  <system-out/>
</testsuite> <!-- LearnTestNGExecution.Class4 -->
