<?xml version="1.0" encoding="UTF-8"?>
<!-- Generated by org.testng.reporters.JUnitReportReporter -->
<testsuite hostname="Trayambkay" failures="0" tests="4" name="com.practise_package.FeaturesExperiment" time="0.018" errors="0" timestamp="2023-11-20T13:43:34 IST" skipped="0">
  <testcase classname="com.practise_package.FeaturesExperiment" name="b" time="0.008"/>
  <system-out/>
  <testcase classname="com.practise_package.FeaturesExperiment" name="a" time="0.004"/>
  <system-out/>
  <testcase classname="com.practise_package.FeaturesExperiment" name="c" time="0.002"/>
  <system-out/>
  <testcase classname="com.practise_package.FeaturesExperiment" name="d" time="0.004"/>
  <system-out/>
</testsuite> <!-- com.practise_package.FeaturesExperiment -->
