<?xml version="1.0" encoding="UTF-8"?>
<!-- Generated by org.testng.reporters.JUnitReportReporter -->
<testsuite hostname="Trayambkay" failures="0" tests="2" name="LearnTestNGExecution.GroupExecutionClass" time="0.011" errors="0" timestamp="2024-03-31T19:37:52 IST" skipped="0">
  <testcase classname="LearnTestNGExecution.GroupExecutionClass" name="method1" time="0.009"/>
  <system-out/>
  <testcase classname="LearnTestNGExecution.GroupExecutionClass" name="method3" time="0.002"/>
  <system-out/>
</testsuite> <!-- LearnTestNGExecution.GroupExecutionClass -->
