<?xml version="1.0" encoding="UTF-8"?>
<!-- Generated by org.testng.reporters.JUnitReportReporter -->
<testsuite hostname="Trayambkay" failures="0" tests="2" name="LearnAnnotation.SecondClass" time="0.013" errors="0" timestamp="2023-11-21T09:56:55 IST" skipped="0">
  <testcase classname="LearnAnnotation.SecondClass" name="test4" time="0.004"/>
  <system-out/>
  <testcase classname="LearnAnnotation.SecondClass" name="test3" time="0.009"/>
  <system-out/>
</testsuite> <!-- LearnAnnotation.SecondClass -->
