<?xml version="1.0" encoding="UTF-8"?>
<!-- Generated by org.testng.reporters.JUnitReportReporter -->
<testsuite hostname="Trayambkay" failures="0" tests="6" name="com.practise_package.DataProviderGetData_20thNov" time="0.025" errors="0" timestamp="2023-11-20T16:55:04 IST" skipped="0">
  <testcase classname="com.practise_package.DataProviderGetData_20thNov" name="getData3" time="0.003"/>
  <system-out/>
  <testcase classname="com.practise_package.DataProviderGetData_20thNov" name="getData3" time="0.005"/>
  <system-out/>
  <testcase classname="com.practise_package.DataProviderGetData_20thNov" name="getData3" time="0.009"/>
  <system-out/>
  <testcase classname="com.practise_package.DataProviderGetData_20thNov" name="getData3" time="0.001"/>
  <system-out/>
  <testcase classname="com.practise_package.DataProviderGetData_20thNov" name="getData3" time="0.004"/>
  <system-out/>
  <testcase classname="com.practise_package.DataProviderGetData_20thNov" name="getData3" time="0.003"/>
  <system-out/>
</testsuite> <!-- com.practise_package.DataProviderGetData_20thNov -->
