<?xml version="1.0" encoding="UTF-8"?>
<!-- Generated by org.testng.reporters.JUnitReportReporter -->
<testsuite hostname="Trayambkay" failures="0" tests="2" name="LearnAnnotation.FirstClass" time="0.008" errors="0" timestamp="2023-11-21T09:56:55 IST" skipped="0">
  <testcase classname="LearnAnnotation.FirstClass" name="test2" time="0.004"/>
  <system-out/>
  <testcase classname="LearnAnnotation.FirstClass" name="test1" time="0.004"/>
  <system-out/>
</testsuite> <!-- LearnAnnotation.FirstClass -->
