<?xml version="1.0" encoding="UTF-8"?>
<!-- Generated by org.testng.reporters.JUnitReportReporter -->
<testsuite hostname="Trayambkay" failures="0" tests="1" name="com.bixi.BaseTestScripts.InternetBankingTest" time="10.983" errors="0" timestamp="2023-11-28T17:42:37 IST" skipped="0">
  <testcase classname="com.bixi.BaseTestScripts.InternetBankingTest" name="iBankingChangePassword" time="10.983"/>
  <system-out/>
</testsuite> <!-- com.bixi.BaseTestScripts.InternetBankingTest -->
