<?xml version="1.0" encoding="UTF-8"?>
<!-- Generated by org.testng.reporters.JUnitReportReporter -->
<testsuite hostname="Trayambkay" failures="0" tests="2" name="LearnTestNGExecution.Class2" time="18.357" errors="0" timestamp="2023-11-22T10:43:57 IST" skipped="0">
  <testcase classname="LearnTestNGExecution.Class2" name="method4" time="8.861"/>
  <system-out/>
  <testcase classname="LearnTestNGExecution.Class2" name="method3" time="9.496"/>
  <system-out/>
</testsuite> <!-- LearnTestNGExecution.Class2 -->
