<?xml version="1.0" encoding="UTF-8"?>
<!-- Generated by org.testng.reporters.JUnitReportReporter -->
<testsuite hostname="Trayambkay" failures="0" tests="2" name="com.practise_package.DataProviderTest" time="0.011" errors="0" timestamp="2023-11-20T15:41:50 IST" skipped="0">
  <testcase classname="com.practise_package.DataProviderTest" name="getData" time="0.003"/>
  <system-out/>
  <testcase classname="com.practise_package.DataProviderTest" name="getData" time="0.008"/>
  <system-out/>
</testsuite> <!-- com.practise_package.DataProviderTest -->
